2025-07-22 22:33:54,941 - INFO - ====== WebDriver manager ======
2025-07-22 22:33:56,382 - INFO - Get LATEST chromedriver version for brave-browser
2025-07-22 22:33:56,386 - DEBUG - Starting new HTTPS connection (1): googlechromelabs.github.io:443
2025-07-22 22:33:56,423 - DEBUG - https://googlechromelabs.github.io:443 "GET /chrome-for-testing/latest-patch-versions-per-build.json HTTP/1.1" 200 12211
2025-07-22 22:33:56,436 - ERROR - Traceback (most recent call last):
  File "C:\Source\HtmlNavigator\debug_brave.py", line 34, in test_brave_with_fixed_driver
    ChromeDriverManager(chrome_type=ChromeType.BRAVE).install()
  File "C:\Python312\Lib\site-packages\webdriver_manager\chrome.py", line 40, in install
    driver_path = self._get_driver_binary_path(self.driver)
                  ^^^^^^^^^^^^^^^^^^^^^^^^^^^^^^^^^^^^^^^^^
  File "C:\Python312\Lib\site-packages\webdriver_manager\core\manager.py", line 35, in _get_driver_binary_path
    binary_path = self._cache_manager.find_driver(driver)
                  ^^^^^^^^^^^^^^^^^^^^^^^^^^^^^^^^^^^^^^^
  File "C:\Python312\Lib\site-packages\webdriver_manager\core\driver_cache.py", line 107, in find_driver
    driver_version = self.get_cache_key_driver_version(driver)
                     ^^^^^^^^^^^^^^^^^^^^^^^^^^^^^^^^^^^^^^^^^
  File "C:\Python312\Lib\site-packages\webdriver_manager\core\driver_cache.py", line 154, in get_cache_key_driver_version
    return driver.get_driver_version_to_download()
           ^^^^^^^^^^^^^^^^^^^^^^^^^^^^^^^^^^^^^^^
  File "C:\Python312\Lib\site-packages\webdriver_manager\core\driver.py", line 48, in get_driver_version_to_download
    return self.get_latest_release_version()
           ^^^^^^^^^^^^^^^^^^^^^^^^^^^^^^^^^
  File "C:\Python312\Lib\site-packages\webdriver_manager\drivers\chrome.py", line 61, in get_latest_release_version
    determined_browser_version = response_dict.get("builds").get(determined_browser_version).get("version")
                                 ^^^^^^^^^^^^^^^^^^^^^^^^^^^^^^^^^^^^^^^^^^^^^^^^^^^^^^^^^^^^^^^
AttributeError: 'NoneType' object has no attribute 'get'

2025-07-22 22:34:13,371 - INFO - ====== WebDriver manager ======
2025-07-22 22:34:14,600 - INFO - Get LATEST chromedriver version for brave-browser
2025-07-22 22:34:14,604 - DEBUG - Starting new HTTPS connection (1): googlechromelabs.github.io:443
2025-07-22 22:34:14,652 - DEBUG - https://googlechromelabs.github.io:443 "GET /chrome-for-testing/latest-patch-versions-per-build.json HTTP/1.1" 200 12211
2025-07-22 22:34:14,662 - ERROR - Traceback (most recent call last):
  File "C:\Source\HtmlNavigator\debug_brave.py", line 34, in test_brave_with_fixed_driver
    ChromeDriverManager(chrome_type=ChromeType.BRAVE).install()
  File "C:\Python312\Lib\site-packages\webdriver_manager\chrome.py", line 40, in install
    driver_path = self._get_driver_binary_path(self.driver)
                  ^^^^^^^^^^^^^^^^^^^^^^^^^^^^^^^^^^^^^^^^^
  File "C:\Python312\Lib\site-packages\webdriver_manager\core\manager.py", line 35, in _get_driver_binary_path
    binary_path = self._cache_manager.find_driver(driver)
                  ^^^^^^^^^^^^^^^^^^^^^^^^^^^^^^^^^^^^^^^
  File "C:\Python312\Lib\site-packages\webdriver_manager\core\driver_cache.py", line 107, in find_driver
    driver_version = self.get_cache_key_driver_version(driver)
                     ^^^^^^^^^^^^^^^^^^^^^^^^^^^^^^^^^^^^^^^^^
  File "C:\Python312\Lib\site-packages\webdriver_manager\core\driver_cache.py", line 154, in get_cache_key_driver_version
    return driver.get_driver_version_to_download()
           ^^^^^^^^^^^^^^^^^^^^^^^^^^^^^^^^^^^^^^^
  File "C:\Python312\Lib\site-packages\webdriver_manager\core\driver.py", line 48, in get_driver_version_to_download
    return self.get_latest_release_version()
           ^^^^^^^^^^^^^^^^^^^^^^^^^^^^^^^^^
  File "C:\Python312\Lib\site-packages\webdriver_manager\drivers\chrome.py", line 61, in get_latest_release_version
    determined_browser_version = response_dict.get("builds").get(determined_browser_version).get("version")
                                 ^^^^^^^^^^^^^^^^^^^^^^^^^^^^^^^^^^^^^^^^^^^^^^^^^^^^^^^^^^^^^^^
AttributeError: 'NoneType' object has no attribute 'get'

2025-07-25 16:18:57,624 - INFO - ====== WebDriver manager ======
2025-07-25 16:18:58,998 - INFO - Get LATEST chromedriver version for brave-browser
2025-07-25 16:18:59,054 - DEBUG - Starting new HTTPS connection (1): googlechromelabs.github.io:443
2025-07-25 16:18:59,360 - DEBUG - https://googlechromelabs.github.io:443 "GET /chrome-for-testing/latest-patch-versions-per-build.json HTTP/1.1" 200 12256
2025-07-25 16:18:59,473 - ERROR - Traceback (most recent call last):
  File "C:\Source\HtmlNavigator\debug_brave.py", line 36, in test_brave_with_fixed_driver
    ChromeDriverManager(chrome_type=ChromeType.BRAVE).install()
  File "C:\Python312\Lib\site-packages\webdriver_manager\chrome.py", line 40, in install
    driver_path = self._get_driver_binary_path(self.driver)
                  ^^^^^^^^^^^^^^^^^^^^^^^^^^^^^^^^^^^^^^^^^
  File "C:\Python312\Lib\site-packages\webdriver_manager\core\manager.py", line 35, in _get_driver_binary_path
    binary_path = self._cache_manager.find_driver(driver)
                  ^^^^^^^^^^^^^^^^^^^^^^^^^^^^^^^^^^^^^^^
  File "C:\Python312\Lib\site-packages\webdriver_manager\core\driver_cache.py", line 107, in find_driver
    driver_version = self.get_cache_key_driver_version(driver)
                     ^^^^^^^^^^^^^^^^^^^^^^^^^^^^^^^^^^^^^^^^^
  File "C:\Python312\Lib\site-packages\webdriver_manager\core\driver_cache.py", line 154, in get_cache_key_driver_version
    return driver.get_driver_version_to_download()
           ^^^^^^^^^^^^^^^^^^^^^^^^^^^^^^^^^^^^^^^
  File "C:\Python312\Lib\site-packages\webdriver_manager\core\driver.py", line 48, in get_driver_version_to_download
    return self.get_latest_release_version()
           ^^^^^^^^^^^^^^^^^^^^^^^^^^^^^^^^^
  File "C:\Python312\Lib\site-packages\webdriver_manager\drivers\chrome.py", line 61, in get_latest_release_version
    determined_browser_version = response_dict.get("builds").get(determined_browser_version).get("version")
                                 ^^^^^^^^^^^^^^^^^^^^^^^^^^^^^^^^^^^^^^^^^^^^^^^^^^^^^^^^^^^^^^^
AttributeError: 'NoneType' object has no attribute 'get'

